<?xml version="1.0" encoding="UTF-8"?>
<!-- Generated by org.testng.reporters.JUnitReportReporter -->
<testsuite hostname="SAPpc" failures="0" tests="5" name="testCases.TC_003_LoginDDT" time="38.078" errors="0" timestamp="2023-12-06T15:05:55 IST" skipped="0">
  <testcase classname="testCases.TC_003_LoginDDT" name="verify_loginDDT" time="11.491"/>
  <testcase classname="testCases.TC_003_LoginDDT" name="verify_loginDDT" time="11.248"/>
  <testcase classname="testCases.TC_003_LoginDDT" name="verify_loginDDT" time="11.279"/>
  <testcase classname="testCases.TC_003_LoginDDT" name="verify_loginDDT" time="2.004"/>
  <testcase classname="testCases.TC_003_LoginDDT" name="verify_loginDDT" time="2.056"/>
</testsuite> <!-- testCases.TC_003_LoginDDT -->
