<?xml version="1.0" encoding="UTF-8"?>
<!-- Generated by org.testng.reporters.JUnitReportReporter -->
<testsuite hostname="SAPpc" failures="0" tests="1" name="testCases.TC_004_SearchProductTest" time="5.860" errors="0" timestamp="2023-12-07T17:12:04 IST" skipped="0">
  <testcase classname="testCases.TC_004_SearchProductTest" name="verify_pruductSearch" time="5.860"/>
</testsuite> <!-- testCases.TC_004_SearchProductTest -->
