<?xml version="1.0" encoding="UTF-8"?>
<!-- Generated by org.testng.reporters.JUnitReportReporter -->
<testsuite hostname="SAPpc" failures="0" tests="1" name="testCases.TC_005_AddToCartPageTest" time="1.586" errors="0" timestamp="2023-12-07T21:34:54 IST" skipped="0">
  <testcase classname="testCases.TC_005_AddToCartPageTest" name="verify_addToCart" time="1.586"/>
</testsuite> <!-- testCases.TC_005_AddToCartPageTest -->
